2025-11-20 19:01:51,940 - INFO - Loading model artifacts...
2025-11-20 19:01:56,275 - INFO - Model metrics loaded - 33 facilities, 8 zones
2025-11-20 19:01:56,276 - INFO - All artifacts loaded successfully
2025-11-20 19:01:56,277 - INFO - Total facilities: 33
2025-11-20 19:01:56,279 - INFO - Loading model artifacts...
2025-11-20 19:01:56,289 - INFO - Model metrics loaded - 33 facilities, 8 zones
2025-11-20 19:01:56,290 - INFO - All artifacts loaded successfully
2025-11-20 19:01:56,298 - INFO - Total facilities: 33
2025-11-20 19:01:56,301 - INFO - Running demo searches for 3 locations
2025-11-20 19:02:55,176 - INFO - Loading model artifacts...
2025-11-20 19:02:58,825 - INFO - Model metrics loaded - 33 facilities, 8 zones
2025-11-20 19:02:58,826 - INFO - All artifacts loaded successfully
2025-11-20 19:02:58,827 - INFO - Total facilities: 33
2025-11-20 19:03:16,680 - INFO - Loading model artifacts...
2025-11-20 19:03:20,297 - INFO - Model metrics loaded - 33 facilities, 8 zones
2025-11-20 19:03:20,299 - INFO - All artifacts loaded successfully
2025-11-20 19:03:20,301 - INFO - Total facilities: 33
2025-11-20 19:03:38,015 - INFO - Loading model artifacts...
2025-11-20 19:03:41,647 - INFO - Model metrics loaded - 33 facilities, 8 zones
2025-11-20 19:03:41,648 - INFO - All artifacts loaded successfully
2025-11-20 19:03:41,650 - INFO - Total facilities: 33
2025-11-20 19:03:55,469 - INFO - Loading model artifacts...
2025-11-20 19:03:59,236 - INFO - Model metrics loaded - 33 facilities, 8 zones
2025-11-20 19:03:59,238 - INFO - All artifacts loaded successfully
2025-11-20 19:03:59,239 - INFO - Total facilities: 33
2025-11-20 19:04:22,961 - INFO - Loading model artifacts...
2025-11-20 19:04:28,205 - INFO - Model metrics loaded - 33 facilities, 8 zones
2025-11-20 19:04:28,207 - INFO - All artifacts loaded successfully
2025-11-20 19:04:28,208 - INFO - Total facilities: 33
2025-11-20 19:04:28,210 - INFO - Starting interactive mode. Type 'exit' to quit.
2025-11-25 18:24:20,237 - INFO - Loading model artifacts...
2025-11-25 18:24:26,437 - INFO - Model metrics loaded - 33 facilities, 8 zones
2025-11-25 18:24:26,437 - INFO - All artifacts loaded successfully
2025-11-25 18:24:26,438 - INFO - Total facilities: 33
2025-11-25 18:24:26,439 - INFO - Loading model artifacts...
2025-11-25 18:24:26,446 - INFO - Model metrics loaded - 33 facilities, 8 zones
2025-11-25 18:24:26,447 - INFO - All artifacts loaded successfully
2025-11-25 18:24:26,447 - INFO - Total facilities: 33
2025-11-25 18:24:26,447 - INFO - Running demo searches for 3 locations
