2025-11-20 18:04:00,997 - INFO - Loading chat intent dataset from: data/chat_intents.csv
2025-11-20 18:04:01,150 - INFO - Dataset loaded: 405 records (removed 195 duplicates/nulls)
2025-11-20 18:04:01,152 - INFO - Intents detected: ['ubicacion', 'informacion_emergencia', 'confirmacion', 'solicitud_ayuda', 'agradecimiento', 'negacion', 'estado_emocional', 'solicitud_calma', 'expresion_miedo', 'instrucciones']
2025-11-20 18:04:01,157 - INFO - Intent distribution:
intent
ubicacion                 50
negacion                  44
expresion_miedo           43
solicitud_calma           42
agradecimiento            38
confirmacion              38
estado_emocional          38
solicitud_ayuda           38
instrucciones             38
informacion_emergencia    36
2025-11-20 18:04:01,162 - INFO - ================================================================================
2025-11-20 18:04:01,164 - INFO - CHATLITE TRAINING PIPELINE STARTED
2025-11-20 18:04:01,166 - INFO - ================================================================================
2025-11-20 18:04:01,177 - INFO - Data split - Train: 324, Test: 81
2025-11-20 18:04:01,286 - INFO - Vectorization complete - Features: 400
2025-11-20 18:04:01,336 - INFO - RandomForest classifier configured
2025-11-20 18:04:01,337 - INFO - Training model...
2025-11-20 18:04:03,027 - INFO - Training completed
2025-11-20 18:04:03,028 - INFO - Evaluating model performance...
2025-11-20 18:04:03,325 - INFO - PERFORMANCE METRICS:
2025-11-20 18:04:03,326 - INFO -   Train Accuracy: 0.9414
2025-11-20 18:04:03,351 - INFO -   Test Accuracy:  0.8519
2025-11-20 18:04:03,358 - INFO -   Precision:      0.9057
2025-11-20 18:04:03,361 - INFO -   Recall:         0.8519
2025-11-20 18:04:03,362 - INFO -   F1-Score:       0.8614
2025-11-20 18:04:03,428 - INFO - 
CLASSIFICATION REPORT:
                        precision    recall  f1-score   support

        agradecimiento       1.00      1.00      1.00         8
          confirmacion       0.40      0.86      0.55         7
      estado_emocional       1.00      0.75      0.86         8
       expresion_miedo       0.90      1.00      0.95         9
informacion_emergencia       1.00      0.86      0.92         7
         instrucciones       1.00      0.75      0.86         8
              negacion       1.00      0.89      0.94         9
       solicitud_ayuda       0.88      1.00      0.93         7
       solicitud_calma       1.00      1.00      1.00         8
             ubicacion       0.83      0.50      0.62        10

              accuracy                           0.85        81
             macro avg       0.90      0.86      0.86        81
          weighted avg       0.91      0.85      0.86        81

2025-11-20 18:04:03,494 - INFO - 
CONFUSION MATRIX:
[[8 0 0 0 0 0 0 0 0 0]
 [0 6 0 0 0 0 0 1 0 0]
 [0 0 6 1 0 0 0 0 0 1]
 [0 0 0 9 0 0 0 0 0 0]
 [0 1 0 0 6 0 0 0 0 0]
 [0 2 0 0 0 6 0 0 0 0]
 [0 1 0 0 0 0 8 0 0 0]
 [0 0 0 0 0 0 0 7 0 0]
 [0 0 0 0 0 0 0 0 8 0]
 [0 5 0 0 0 0 0 0 0 5]]
2025-11-20 18:04:03,726 - INFO - 
TOP 20 IMPORTANT FEATURES:
2025-11-20 18:04:03,727 - INFO -    1. no                   0.111071
2025-11-20 18:04:03,728 - INFO -    2. gracias              0.075228
2025-11-20 18:04:03,728 - INFO -    3. donde                0.054983
2025-11-20 18:04:03,729 - INFO -    4. estoy                0.036639
2025-11-20 18:04:03,730 - INFO -    5. me                   0.033856
2025-11-20 18:04:03,731 - INFO -    6. siento               0.028824
2025-11-20 18:04:03,734 - INFO -    7. miedo                0.025334
2025-11-20 18:04:03,736 - INFO -    8. ayuda                0.023628
2025-11-20 18:04:03,739 - INFO -    9. hubo                 0.021759
2025-11-20 18:04:03,741 - INFO -   10. hay                  0.020363
2025-11-20 18:04:03,743 - INFO -   11. alguien              0.020135
2025-11-20 18:04:03,744 - INFO -   12. favor                0.019544
2025-11-20 18:04:03,747 - INFO -   13. hago                 0.016853
2025-11-20 18:04:03,751 - INFO -   14. ayudame              0.016299
2025-11-20 18:04:03,755 - INFO -   15. muchas gracias       0.012516
2025-11-20 18:04:03,758 - INFO -   16. agradezco            0.012053
2025-11-20 18:04:03,766 - INFO -   17. te                   0.010747
2025-11-20 18:04:03,770 - INFO -   18. respirar             0.010440
2025-11-20 18:04:03,772 - INFO -   19. tengo                0.010213
2025-11-20 18:04:03,782 - INFO -   20. calmarme             0.009205
2025-11-20 18:04:03,783 - INFO - ================================================================================
2025-11-20 18:04:03,798 - INFO - TRAINING COMPLETED SUCCESSFULLY
2025-11-20 18:04:03,799 - INFO - ================================================================================
2025-11-20 18:04:03,815 - INFO - Saving model artifacts...
2025-11-20 18:04:04,143 - INFO - Model saved to: models/chatlite_classifier.joblib
2025-11-20 18:04:04,145 - INFO - Vectorizer saved to: models/chatlite_vectorizer.joblib
2025-11-20 18:04:04,146 - INFO - Label encoder saved to: models/chatlite_encoder.joblib
2025-11-20 18:04:04,147 - INFO - Metrics saved to: models/training_metrics.json
2025-11-20 18:04:04,148 - INFO - Pipeline completed successfully
